<?xml version="1.0" encoding="UTF-8" ?>
<testsuite tests="5" failures="0" name="org.convertertopdf.convert.TiffConverterTest" time="0.033" errors="0" skipped="0">
  <properties>
    <property name="java.runtime.name" value="Java(TM) SE Runtime Environment"/>
    <property name="sun.boot.library.path" value="/home/83973869391/.sdkman/candidates/java/8.0.201-oracle/jre/lib/amd64"/>
    <property name="java.vm.version" value="25.201-b09"/>
    <property name="java.vm.vendor" value="Oracle Corporation"/>
    <property name="maven.multiModuleProjectDirectory" value="/home/83973869391/workspaceComponent/ConverterToPdf"/>
    <property name="java.vendor.url" value="http://java.oracle.com/"/>
    <property name="path.separator" value=":"/>
    <property name="guice.disable.misplaced.annotation.check" value="true"/>
    <property name="java.vm.name" value="Java HotSpot(TM) 64-Bit Server VM"/>
    <property name="file.encoding.pkg" value="sun.io"/>
    <property name="user.country" value="BR"/>
    <property name="sun.java.launcher" value="SUN_STANDARD"/>
    <property name="sun.os.patch.level" value="unknown"/>
    <property name="java.vm.specification.name" value="Java Virtual Machine Specification"/>
    <property name="user.dir" value="/home/83973869391/workspaceComponent/ConverterToPdf"/>
    <property name="java.runtime.version" value="1.8.0_201-b09"/>
    <property name="java.awt.graphicsenv" value="sun.awt.X11GraphicsEnvironment"/>
    <property name="java.endorsed.dirs" value="/home/83973869391/.sdkman/candidates/java/8.0.201-oracle/jre/lib/endorsed"/>
    <property name="os.arch" value="amd64"/>
    <property name="java.io.tmpdir" value="/tmp"/>
    <property name="line.separator" value="
"/>
    <property name="java.vm.specification.vendor" value="Oracle Corporation"/>
    <property name="os.name" value="Linux"/>
    <property name="classworlds.conf" value="/home/83973869391/workspaceComponent/.metadata/.plugins/org.eclipse.m2e.launching/launches/m2conf7562658839443177804.tmp"/>
    <property name="sun.jnu.encoding" value="UTF-8"/>
    <property name="java.library.path" value="/usr/java/packages/lib/amd64:/usr/lib64:/lib64:/lib:/usr/lib"/>
    <property name="java.specification.name" value="Java Platform API Specification"/>
    <property name="java.class.version" value="52.0"/>
    <property name="sun.management.compiler" value="HotSpot 64-Bit Tiered Compilers"/>
    <property name="os.version" value="4.15.0-45-generic"/>
    <property name="user.home" value="/home/83973869391"/>
    <property name="user.timezone" value="America/Bahia"/>
    <property name="java.awt.printerjob" value="sun.print.PSPrinterJob"/>
    <property name="file.encoding" value="UTF-8"/>
    <property name="java.specification.version" value="1.8"/>
    <property name="user.name" value="83973869391"/>
    <property name="java.class.path" value="/home/83973869391/dev/saj/apps/eclipse/4.9/plugins/org.eclipse.m2e.maven.runtime_1.9.1.20180912-1600/jars/plexus-classworlds-2.5.2.jar"/>
    <property name="java.vm.specification.version" value="1.8"/>
    <property name="sun.arch.data.model" value="64"/>
    <property name="java.home" value="/home/83973869391/.sdkman/candidates/java/8.0.201-oracle/jre"/>
    <property name="sun.java.command" value="org.codehaus.plexus.classworlds.launcher.Launcher -B install"/>
    <property name="java.specification.vendor" value="Oracle Corporation"/>
    <property name="user.language" value="pt"/>
    <property name="awt.toolkit" value="sun.awt.X11.XToolkit"/>
    <property name="java.vm.info" value="mixed mode"/>
    <property name="java.version" value="1.8.0_201"/>
    <property name="java.ext.dirs" value="/home/83973869391/.sdkman/candidates/java/8.0.201-oracle/jre/lib/ext:/usr/java/packages/lib/ext"/>
    <property name="securerandom.source" value="file:/dev/./urandom"/>
    <property name="sun.boot.class.path" value="/home/83973869391/.sdkman/candidates/java/8.0.201-oracle/jre/lib/resources.jar:/home/83973869391/.sdkman/candidates/java/8.0.201-oracle/jre/lib/rt.jar:/home/83973869391/.sdkman/candidates/java/8.0.201-oracle/jre/lib/sunrsasign.jar:/home/83973869391/.sdkman/candidates/java/8.0.201-oracle/jre/lib/jsse.jar:/home/83973869391/.sdkman/candidates/java/8.0.201-oracle/jre/lib/jce.jar:/home/83973869391/.sdkman/candidates/java/8.0.201-oracle/jre/lib/charsets.jar:/home/83973869391/.sdkman/candidates/java/8.0.201-oracle/jre/lib/jfr.jar:/home/83973869391/.sdkman/candidates/java/8.0.201-oracle/jre/classes"/>
    <property name="java.vendor" value="Oracle Corporation"/>
    <property name="maven.home" value="/home/83973869391/workspaceComponent/ConverterToPdf/EMBEDDED"/>
    <property name="file.separator" value="/"/>
    <property name="java.vendor.url.bug" value="http://bugreport.sun.com/bugreport/"/>
    <property name="sun.cpu.endian" value="little"/>
    <property name="sun.io.unicode.encoding" value="UnicodeLittle"/>
    <property name="sun.desktop" value="gnome"/>
    <property name="sun.cpu.isalist" value=""/>
  </properties>
  <testcase classname="org.convertertopdf.convert.TiffConverterTest" name="convertFileFormatException" time="0.005"/>
  <testcase classname="org.convertertopdf.convert.TiffConverterTest" name="getFormat" time="0"/>
  <testcase classname="org.convertertopdf.convert.TiffConverterTest" name="convert" time="0.028"/>
  <testcase classname="org.convertertopdf.convert.TiffConverterTest" name="convertFileValidationException" time="0"/>
  <testcase classname="org.convertertopdf.convert.TiffConverterTest" name="convertFileNotInformedException" time="0"/>
</testsuite>